[2023-03-10 12:55:32] local.ERROR: Cannot redeclare checkGender() (previously declared in C:\Users\Anton\Documents\applications\phs\app\helpers.php:35) {"exception":"[object] (Symfony\\Component\\ErrorHandler\\Error\\FatalError(code: 0): Cannot redeclare checkGender() (previously declared in C:\\Users\\Anton\\Documents\\applications\\phs\\app\\helpers.php:35) at C:\\Users\\Anton\\Documents\\applications\\phs\\app\\helpers.php:35)
[stacktrace]
#0 {main}
"} 
[2023-03-10 12:56:32] local.ERROR: Cannot redeclare checkGender() (previously declared in C:\Users\Anton\Documents\applications\phs\app\helpers.php:35) {"exception":"[object] (Symfony\\Component\\ErrorHandler\\Error\\FatalError(code: 0): Cannot redeclare checkGender() (previously declared in C:\\Users\\Anton\\Documents\\applications\\phs\\app\\helpers.php:35) at C:\\Users\\Anton\\Documents\\applications\\phs\\app\\helpers.php:35)
[stacktrace]
#0 {main}
"} 
[2023-03-10 12:57:32] local.ERROR: Cannot redeclare checkGender() (previously declared in C:\Users\Anton\Documents\applications\phs\app\helpers.php:35) {"exception":"[object] (Symfony\\Component\\ErrorHandler\\Error\\FatalError(code: 0): Cannot redeclare checkGender() (previously declared in C:\\Users\\Anton\\Documents\\applications\\phs\\app\\helpers.php:35) at C:\\Users\\Anton\\Documents\\applications\\phs\\app\\helpers.php:35)
[stacktrace]
#0 {main}
"} 
[2023-03-10 12:58:27] local.ERROR: Command "route:cahe" is not defined.

Did you mean one of these?
    config:cache
    event:cache
    route:cache
    route:clear
    route:list
    view:cache {"exception":"[object] (Symfony\\Component\\Console\\Exception\\CommandNotFoundException(code: 0): Command \"route:cahe\" is not defined.

Did you mean one of these?
    config:cache
    event:cache
    route:cache
    route:clear
    route:list
    view:cache at C:\\Users\\Anton\\Documents\\applications\\phs\\vendor\\symfony\\console\\Application.php:702)
[stacktrace]
#0 C:\\Users\\Anton\\Documents\\applications\\phs\\vendor\\symfony\\console\\Application.php(256): Symfony\\Component\\Console\\Application->find('route:cahe')
#1 C:\\Users\\Anton\\Documents\\applications\\phs\\vendor\\symfony\\console\\Application.php(168): Symfony\\Component\\Console\\Application->doRun(Object(Symfony\\Component\\Console\\Input\\ArgvInput), Object(Symfony\\Component\\Console\\Output\\ConsoleOutput))
#2 C:\\Users\\Anton\\Documents\\applications\\phs\\vendor\\laravel\\framework\\src\\Illuminate\\Console\\Application.php(102): Symfony\\Component\\Console\\Application->run(Object(Symfony\\Component\\Console\\Input\\ArgvInput), Object(Symfony\\Component\\Console\\Output\\ConsoleOutput))
#3 C:\\Users\\Anton\\Documents\\applications\\phs\\vendor\\laravel\\framework\\src\\Illuminate\\Foundation\\Console\\Kernel.php(155): Illuminate\\Console\\Application->run(Object(Symfony\\Component\\Console\\Input\\ArgvInput), Object(Symfony\\Component\\Console\\Output\\ConsoleOutput))
#4 C:\\Users\\Anton\\Documents\\applications\\phs\\artisan(37): Illuminate\\Foundation\\Console\\Kernel->handle(Object(Symfony\\Component\\Console\\Input\\ArgvInput), Object(Symfony\\Component\\Console\\Output\\ConsoleOutput))
#5 {main}
"} 
[2023-03-10 12:58:32] local.ERROR: Cannot redeclare checkGender() (previously declared in C:\Users\Anton\Documents\applications\phs\app\helpers.php:35) {"exception":"[object] (Symfony\\Component\\ErrorHandler\\Error\\FatalError(code: 0): Cannot redeclare checkGender() (previously declared in C:\\Users\\Anton\\Documents\\applications\\phs\\app\\helpers.php:35) at C:\\Users\\Anton\\Documents\\applications\\phs\\app\\helpers.php:35)
[stacktrace]
#0 {main}
"} 
[2023-03-10 12:59:18] local.ERROR: Unable to prepare route [main] for serialization. Another route has already been assigned name [main]. {"exception":"[object] (LogicException(code: 0): Unable to prepare route [main] for serialization. Another route has already been assigned name [main]. at C:\\Users\\Anton\\Documents\\applications\\phs\\vendor\\laravel\\framework\\src\\Illuminate\\Routing\\AbstractRouteCollection.php:247)
[stacktrace]
#0 C:\\Users\\Anton\\Documents\\applications\\phs\\vendor\\laravel\\framework\\src\\Illuminate\\Routing\\AbstractRouteCollection.php(208): Illuminate\\Routing\\AbstractRouteCollection->addToSymfonyRoutesCollection(Object(Symfony\\Component\\Routing\\RouteCollection), Object(Illuminate\\Routing\\Route))
#1 C:\\Users\\Anton\\Documents\\applications\\phs\\vendor\\laravel\\framework\\src\\Illuminate\\Routing\\RouteCollection.php(246): Illuminate\\Routing\\AbstractRouteCollection->toSymfonyRouteCollection()
#2 C:\\Users\\Anton\\Documents\\applications\\phs\\vendor\\laravel\\framework\\src\\Illuminate\\Routing\\AbstractRouteCollection.php(192): Illuminate\\Routing\\RouteCollection->toSymfonyRouteCollection()
#3 C:\\Users\\Anton\\Documents\\applications\\phs\\vendor\\laravel\\framework\\src\\Illuminate\\Routing\\AbstractRouteCollection.php(163): Illuminate\\Routing\\AbstractRouteCollection->dumper()
#4 C:\\Users\\Anton\\Documents\\applications\\phs\\vendor\\laravel\\framework\\src\\Illuminate\\Foundation\\Console\\RouteCacheCommand.php(120): Illuminate\\Routing\\AbstractRouteCollection->compile()
#5 C:\\Users\\Anton\\Documents\\applications\\phs\\vendor\\laravel\\framework\\src\\Illuminate\\Foundation\\Console\\RouteCacheCommand.php(79): Illuminate\\Foundation\\Console\\RouteCacheCommand->buildRouteCacheFile(Object(Illuminate\\Routing\\RouteCollection))
#6 C:\\Users\\Anton\\Documents\\applications\\phs\\vendor\\laravel\\framework\\src\\Illuminate\\Container\\BoundMethod.php(36): Illuminate\\Foundation\\Console\\RouteCacheCommand->handle()
#7 C:\\Users\\Anton\\Documents\\applications\\phs\\vendor\\laravel\\framework\\src\\Illuminate\\Container\\Util.php(41): Illuminate\\Container\\BoundMethod::Illuminate\\Container\\{closure}()
#8 C:\\Users\\Anton\\Documents\\applications\\phs\\vendor\\laravel\\framework\\src\\Illuminate\\Container\\BoundMethod.php(93): Illuminate\\Container\\Util::unwrapIfClosure(Object(Closure))
#9 C:\\Users\\Anton\\Documents\\applications\\phs\\vendor\\laravel\\framework\\src\\Illuminate\\Container\\BoundMethod.php(37): Illuminate\\Container\\BoundMethod::callBoundMethod(Object(Illuminate\\Foundation\\Application), Array, Object(Closure))
#10 C:\\Users\\Anton\\Documents\\applications\\phs\\vendor\\laravel\\framework\\src\\Illuminate\\Container\\Container.php(661): Illuminate\\Container\\BoundMethod::call(Object(Illuminate\\Foundation\\Application), Array, Array, NULL)
#11 C:\\Users\\Anton\\Documents\\applications\\phs\\vendor\\laravel\\framework\\src\\Illuminate\\Console\\Command.php(183): Illuminate\\Container\\Container->call(Array)
#12 C:\\Users\\Anton\\Documents\\applications\\phs\\vendor\\symfony\\console\\Command\\Command.php(312): Illuminate\\Console\\Command->execute(Object(Symfony\\Component\\Console\\Input\\ArgvInput), Object(Illuminate\\Console\\OutputStyle))
#13 C:\\Users\\Anton\\Documents\\applications\\phs\\vendor\\laravel\\framework\\src\\Illuminate\\Console\\Command.php(153): Symfony\\Component\\Console\\Command\\Command->run(Object(Symfony\\Component\\Console\\Input\\ArgvInput), Object(Illuminate\\Console\\OutputStyle))
#14 C:\\Users\\Anton\\Documents\\applications\\phs\\vendor\\symfony\\console\\Application.php(1022): Illuminate\\Console\\Command->run(Object(Symfony\\Component\\Console\\Input\\ArgvInput), Object(Symfony\\Component\\Console\\Output\\ConsoleOutput))
#15 C:\\Users\\Anton\\Documents\\applications\\phs\\vendor\\symfony\\console\\Application.php(314): Symfony\\Component\\Console\\Application->doRunCommand(Object(Illuminate\\Foundation\\Console\\RouteCacheCommand), Object(Symfony\\Component\\Console\\Input\\ArgvInput), Object(Symfony\\Component\\Console\\Output\\ConsoleOutput))
#16 C:\\Users\\Anton\\Documents\\applications\\phs\\vendor\\symfony\\console\\Application.php(168): Symfony\\Component\\Console\\Application->doRun(Object(Symfony\\Component\\Console\\Input\\ArgvInput), Object(Symfony\\Component\\Console\\Output\\ConsoleOutput))
#17 C:\\Users\\Anton\\Documents\\applications\\phs\\vendor\\laravel\\framework\\src\\Illuminate\\Console\\Application.php(102): Symfony\\Component\\Console\\Application->run(Object(Symfony\\Component\\Console\\Input\\ArgvInput), Object(Symfony\\Component\\Console\\Output\\ConsoleOutput))
#18 C:\\Users\\Anton\\Documents\\applications\\phs\\vendor\\laravel\\framework\\src\\Illuminate\\Foundation\\Console\\Kernel.php(155): Illuminate\\Console\\Application->run(Object(Symfony\\Component\\Console\\Input\\ArgvInput), Object(Symfony\\Component\\Console\\Output\\ConsoleOutput))
#19 C:\\Users\\Anton\\Documents\\applications\\phs\\artisan(37): Illuminate\\Foundation\\Console\\Kernel->handle(Object(Symfony\\Component\\Console\\Input\\ArgvInput), Object(Symfony\\Component\\Console\\Output\\ConsoleOutput))
#20 {main}
"} 
[2023-03-10 12:59:32] local.ERROR: Cannot redeclare checkGender() (previously declared in C:\Users\Anton\Documents\applications\phs\app\helpers.php:35) {"exception":"[object] (Symfony\\Component\\ErrorHandler\\Error\\FatalError(code: 0): Cannot redeclare checkGender() (previously declared in C:\\Users\\Anton\\Documents\\applications\\phs\\app\\helpers.php:35) at C:\\Users\\Anton\\Documents\\applications\\phs\\app\\helpers.php:35)
[stacktrace]
#0 {main}
"} 
[2023-03-10 12:59:55] local.ERROR: Unable to prepare route [main] for serialization. Another route has already been assigned name [main]. {"exception":"[object] (LogicException(code: 0): Unable to prepare route [main] for serialization. Another route has already been assigned name [main]. at C:\\Users\\Anton\\Documents\\applications\\phs\\vendor\\laravel\\framework\\src\\Illuminate\\Routing\\AbstractRouteCollection.php:247)
[stacktrace]
#0 C:\\Users\\Anton\\Documents\\applications\\phs\\vendor\\laravel\\framework\\src\\Illuminate\\Routing\\AbstractRouteCollection.php(208): Illuminate\\Routing\\AbstractRouteCollection->addToSymfonyRoutesCollection(Object(Symfony\\Component\\Routing\\RouteCollection), Object(Illuminate\\Routing\\Route))
#1 C:\\Users\\Anton\\Documents\\applications\\phs\\vendor\\laravel\\framework\\src\\Illuminate\\Routing\\RouteCollection.php(246): Illuminate\\Routing\\AbstractRouteCollection->toSymfonyRouteCollection()
#2 C:\\Users\\Anton\\Documents\\applications\\phs\\vendor\\laravel\\framework\\src\\Illuminate\\Routing\\AbstractRouteCollection.php(192): Illuminate\\Routing\\RouteCollection->toSymfonyRouteCollection()
#3 C:\\Users\\Anton\\Documents\\applications\\phs\\vendor\\laravel\\framework\\src\\Illuminate\\Routing\\AbstractRouteCollection.php(163): Illuminate\\Routing\\AbstractRouteCollection->dumper()
#4 C:\\Users\\Anton\\Documents\\applications\\phs\\vendor\\laravel\\framework\\src\\Illuminate\\Foundation\\Console\\RouteCacheCommand.php(120): Illuminate\\Routing\\AbstractRouteCollection->compile()
#5 C:\\Users\\Anton\\Documents\\applications\\phs\\vendor\\laravel\\framework\\src\\Illuminate\\Foundation\\Console\\RouteCacheCommand.php(79): Illuminate\\Foundation\\Console\\RouteCacheCommand->buildRouteCacheFile(Object(Illuminate\\Routing\\RouteCollection))
#6 C:\\Users\\Anton\\Documents\\applications\\phs\\vendor\\laravel\\framework\\src\\Illuminate\\Container\\BoundMethod.php(36): Illuminate\\Foundation\\Console\\RouteCacheCommand->handle()
#7 C:\\Users\\Anton\\Documents\\applications\\phs\\vendor\\laravel\\framework\\src\\Illuminate\\Container\\Util.php(41): Illuminate\\Container\\BoundMethod::Illuminate\\Container\\{closure}()
#8 C:\\Users\\Anton\\Documents\\applications\\phs\\vendor\\laravel\\framework\\src\\Illuminate\\Container\\BoundMethod.php(93): Illuminate\\Container\\Util::unwrapIfClosure(Object(Closure))
#9 C:\\Users\\Anton\\Documents\\applications\\phs\\vendor\\laravel\\framework\\src\\Illuminate\\Container\\BoundMethod.php(37): Illuminate\\Container\\BoundMethod::callBoundMethod(Object(Illuminate\\Foundation\\Application), Array, Object(Closure))
#10 C:\\Users\\Anton\\Documents\\applications\\phs\\vendor\\laravel\\framework\\src\\Illuminate\\Container\\Container.php(661): Illuminate\\Container\\BoundMethod::call(Object(Illuminate\\Foundation\\Application), Array, Array, NULL)
#11 C:\\Users\\Anton\\Documents\\applications\\phs\\vendor\\laravel\\framework\\src\\Illuminate\\Console\\Command.php(183): Illuminate\\Container\\Container->call(Array)
#12 C:\\Users\\Anton\\Documents\\applications\\phs\\vendor\\symfony\\console\\Command\\Command.php(312): Illuminate\\Console\\Command->execute(Object(Symfony\\Component\\Console\\Input\\ArgvInput), Object(Illuminate\\Console\\OutputStyle))
#13 C:\\Users\\Anton\\Documents\\applications\\phs\\vendor\\laravel\\framework\\src\\Illuminate\\Console\\Command.php(153): Symfony\\Component\\Console\\Command\\Command->run(Object(Symfony\\Component\\Console\\Input\\ArgvInput), Object(Illuminate\\Console\\OutputStyle))
#14 C:\\Users\\Anton\\Documents\\applications\\phs\\vendor\\symfony\\console\\Application.php(1022): Illuminate\\Console\\Command->run(Object(Symfony\\Component\\Console\\Input\\ArgvInput), Object(Symfony\\Component\\Console\\Output\\ConsoleOutput))
#15 C:\\Users\\Anton\\Documents\\applications\\phs\\vendor\\symfony\\console\\Application.php(314): Symfony\\Component\\Console\\Application->doRunCommand(Object(Illuminate\\Foundation\\Console\\RouteCacheCommand), Object(Symfony\\Component\\Console\\Input\\ArgvInput), Object(Symfony\\Component\\Console\\Output\\ConsoleOutput))
#16 C:\\Users\\Anton\\Documents\\applications\\phs\\vendor\\symfony\\console\\Application.php(168): Symfony\\Component\\Console\\Application->doRun(Object(Symfony\\Component\\Console\\Input\\ArgvInput), Object(Symfony\\Component\\Console\\Output\\ConsoleOutput))
#17 C:\\Users\\Anton\\Documents\\applications\\phs\\vendor\\laravel\\framework\\src\\Illuminate\\Console\\Application.php(102): Symfony\\Component\\Console\\Application->run(Object(Symfony\\Component\\Console\\Input\\ArgvInput), Object(Symfony\\Component\\Console\\Output\\ConsoleOutput))
#18 C:\\Users\\Anton\\Documents\\applications\\phs\\vendor\\laravel\\framework\\src\\Illuminate\\Foundation\\Console\\Kernel.php(155): Illuminate\\Console\\Application->run(Object(Symfony\\Component\\Console\\Input\\ArgvInput), Object(Symfony\\Component\\Console\\Output\\ConsoleOutput))
#19 C:\\Users\\Anton\\Documents\\applications\\phs\\artisan(37): Illuminate\\Foundation\\Console\\Kernel->handle(Object(Symfony\\Component\\Console\\Input\\ArgvInput), Object(Symfony\\Component\\Console\\Output\\ConsoleOutput))
#20 {main}
"} 
[2023-03-10 13:00:32] local.ERROR: Cannot redeclare checkGender() (previously declared in C:\Users\Anton\Documents\applications\phs\app\helpers.php:35) {"exception":"[object] (Symfony\\Component\\ErrorHandler\\Error\\FatalError(code: 0): Cannot redeclare checkGender() (previously declared in C:\\Users\\Anton\\Documents\\applications\\phs\\app\\helpers.php:35) at C:\\Users\\Anton\\Documents\\applications\\phs\\app\\helpers.php:35)
[stacktrace]
#0 {main}
"} 
[2023-03-10 13:01:32] local.ERROR: Cannot redeclare checkGender() (previously declared in C:\Users\Anton\Documents\applications\phs\app\helpers.php:35) {"exception":"[object] (Symfony\\Component\\ErrorHandler\\Error\\FatalError(code: 0): Cannot redeclare checkGender() (previously declared in C:\\Users\\Anton\\Documents\\applications\\phs\\app\\helpers.php:35) at C:\\Users\\Anton\\Documents\\applications\\phs\\app\\helpers.php:35)
[stacktrace]
#0 {main}
"} 
[2023-03-10 13:02:32] local.ERROR: Cannot redeclare checkGender() (previously declared in C:\Users\Anton\Documents\applications\phs\app\helpers.php:35) {"exception":"[object] (Symfony\\Component\\ErrorHandler\\Error\\FatalError(code: 0): Cannot redeclare checkGender() (previously declared in C:\\Users\\Anton\\Documents\\applications\\phs\\app\\helpers.php:35) at C:\\Users\\Anton\\Documents\\applications\\phs\\app\\helpers.php:35)
[stacktrace]
#0 {main}
"} 
[2023-03-10 13:03:32] local.ERROR: Cannot redeclare checkGender() (previously declared in C:\Users\Anton\Documents\applications\phs\app\helpers.php:35) {"exception":"[object] (Symfony\\Component\\ErrorHandler\\Error\\FatalError(code: 0): Cannot redeclare checkGender() (previously declared in C:\\Users\\Anton\\Documents\\applications\\phs\\app\\helpers.php:35) at C:\\Users\\Anton\\Documents\\applications\\phs\\app\\helpers.php:35)
[stacktrace]
#0 {main}
"} 
[2023-03-10 13:04:32] local.ERROR: Cannot redeclare checkGender() (previously declared in C:\Users\Anton\Documents\applications\phs\app\helpers.php:35) {"exception":"[object] (Symfony\\Component\\ErrorHandler\\Error\\FatalError(code: 0): Cannot redeclare checkGender() (previously declared in C:\\Users\\Anton\\Documents\\applications\\phs\\app\\helpers.php:35) at C:\\Users\\Anton\\Documents\\applications\\phs\\app\\helpers.php:35)
[stacktrace]
#0 {main}
"} 
[2023-03-10 13:05:32] local.ERROR: Cannot redeclare checkGender() (previously declared in C:\Users\Anton\Documents\applications\phs\app\helpers.php:35) {"exception":"[object] (Symfony\\Component\\ErrorHandler\\Error\\FatalError(code: 0): Cannot redeclare checkGender() (previously declared in C:\\Users\\Anton\\Documents\\applications\\phs\\app\\helpers.php:35) at C:\\Users\\Anton\\Documents\\applications\\phs\\app\\helpers.php:35)
[stacktrace]
#0 {main}
"} 
[2023-03-10 13:06:32] local.ERROR: Cannot redeclare checkGender() (previously declared in C:\Users\Anton\Documents\applications\phs\app\helpers.php:35) {"exception":"[object] (Symfony\\Component\\ErrorHandler\\Error\\FatalError(code: 0): Cannot redeclare checkGender() (previously declared in C:\\Users\\Anton\\Documents\\applications\\phs\\app\\helpers.php:35) at C:\\Users\\Anton\\Documents\\applications\\phs\\app\\helpers.php:35)
[stacktrace]
#0 {main}
"} 
[2023-03-10 13:07:32] local.ERROR: Cannot redeclare checkGender() (previously declared in C:\Users\Anton\Documents\applications\phs\app\helpers.php:35) {"exception":"[object] (Symfony\\Component\\ErrorHandler\\Error\\FatalError(code: 0): Cannot redeclare checkGender() (previously declared in C:\\Users\\Anton\\Documents\\applications\\phs\\app\\helpers.php:35) at C:\\Users\\Anton\\Documents\\applications\\phs\\app\\helpers.php:35)
[stacktrace]
#0 {main}
"} 
[2023-03-10 13:08:32] local.ERROR: Cannot redeclare checkGender() (previously declared in C:\Users\Anton\Documents\applications\phs\app\helpers.php:35) {"exception":"[object] (Symfony\\Component\\ErrorHandler\\Error\\FatalError(code: 0): Cannot redeclare checkGender() (previously declared in C:\\Users\\Anton\\Documents\\applications\\phs\\app\\helpers.php:35) at C:\\Users\\Anton\\Documents\\applications\\phs\\app\\helpers.php:35)
[stacktrace]
#0 {main}
"} 
[2023-03-10 13:09:32] local.ERROR: Cannot redeclare checkGender() (previously declared in C:\Users\Anton\Documents\applications\phs\app\helpers.php:35) {"exception":"[object] (Symfony\\Component\\ErrorHandler\\Error\\FatalError(code: 0): Cannot redeclare checkGender() (previously declared in C:\\Users\\Anton\\Documents\\applications\\phs\\app\\helpers.php:35) at C:\\Users\\Anton\\Documents\\applications\\phs\\app\\helpers.php:35)
[stacktrace]
#0 {main}
"} 
[2023-03-10 13:10:32] local.ERROR: Cannot redeclare checkGender() (previously declared in C:\Users\Anton\Documents\applications\phs\app\helpers.php:35) {"exception":"[object] (Symfony\\Component\\ErrorHandler\\Error\\FatalError(code: 0): Cannot redeclare checkGender() (previously declared in C:\\Users\\Anton\\Documents\\applications\\phs\\app\\helpers.php:35) at C:\\Users\\Anton\\Documents\\applications\\phs\\app\\helpers.php:35)
[stacktrace]
#0 {main}
"} 
[2023-03-10 13:11:32] local.ERROR: Cannot redeclare checkGender() (previously declared in C:\Users\Anton\Documents\applications\phs\app\helpers.php:35) {"exception":"[object] (Symfony\\Component\\ErrorHandler\\Error\\FatalError(code: 0): Cannot redeclare checkGender() (previously declared in C:\\Users\\Anton\\Documents\\applications\\phs\\app\\helpers.php:35) at C:\\Users\\Anton\\Documents\\applications\\phs\\app\\helpers.php:35)
[stacktrace]
#0 {main}
"} 
[2023-03-10 13:12:32] local.ERROR: Cannot redeclare checkGender() (previously declared in C:\Users\Anton\Documents\applications\phs\app\helpers.php:35) {"exception":"[object] (Symfony\\Component\\ErrorHandler\\Error\\FatalError(code: 0): Cannot redeclare checkGender() (previously declared in C:\\Users\\Anton\\Documents\\applications\\phs\\app\\helpers.php:35) at C:\\Users\\Anton\\Documents\\applications\\phs\\app\\helpers.php:35)
[stacktrace]
#0 {main}
"} 
[2023-03-10 13:13:32] local.ERROR: Cannot redeclare checkGender() (previously declared in C:\Users\Anton\Documents\applications\phs\app\helpers.php:35) {"exception":"[object] (Symfony\\Component\\ErrorHandler\\Error\\FatalError(code: 0): Cannot redeclare checkGender() (previously declared in C:\\Users\\Anton\\Documents\\applications\\phs\\app\\helpers.php:35) at C:\\Users\\Anton\\Documents\\applications\\phs\\app\\helpers.php:35)
[stacktrace]
#0 {main}
"} 
[2023-03-10 13:14:32] local.ERROR: Cannot redeclare checkGender() (previously declared in C:\Users\Anton\Documents\applications\phs\app\helpers.php:35) {"exception":"[object] (Symfony\\Component\\ErrorHandler\\Error\\FatalError(code: 0): Cannot redeclare checkGender() (previously declared in C:\\Users\\Anton\\Documents\\applications\\phs\\app\\helpers.php:35) at C:\\Users\\Anton\\Documents\\applications\\phs\\app\\helpers.php:35)
[stacktrace]
#0 {main}
"} 
[2023-03-10 13:15:32] local.ERROR: Cannot redeclare checkGender() (previously declared in C:\Users\Anton\Documents\applications\phs\app\helpers.php:35) {"exception":"[object] (Symfony\\Component\\ErrorHandler\\Error\\FatalError(code: 0): Cannot redeclare checkGender() (previously declared in C:\\Users\\Anton\\Documents\\applications\\phs\\app\\helpers.php:35) at C:\\Users\\Anton\\Documents\\applications\\phs\\app\\helpers.php:35)
[stacktrace]
#0 {main}
"} 
[2023-03-10 13:16:39] local.ERROR: Cannot redeclare checkGender() (previously declared in C:\Users\Anton\Documents\applications\phs\app\helpers.php:35) {"exception":"[object] (Symfony\\Component\\ErrorHandler\\Error\\FatalError(code: 0): Cannot redeclare checkGender() (previously declared in C:\\Users\\Anton\\Documents\\applications\\phs\\app\\helpers.php:35) at C:\\Users\\Anton\\Documents\\applications\\phs\\app\\helpers.php:35)
[stacktrace]
#0 {main}
"} 
[2023-03-10 13:17:32] local.ERROR: Cannot redeclare checkGender() (previously declared in C:\Users\Anton\Documents\applications\phs\app\helpers.php:35) {"exception":"[object] (Symfony\\Component\\ErrorHandler\\Error\\FatalError(code: 0): Cannot redeclare checkGender() (previously declared in C:\\Users\\Anton\\Documents\\applications\\phs\\app\\helpers.php:35) at C:\\Users\\Anton\\Documents\\applications\\phs\\app\\helpers.php:35)
[stacktrace]
#0 {main}
"} 
[2023-03-10 13:18:32] local.ERROR: Cannot redeclare checkGender() (previously declared in C:\Users\Anton\Documents\applications\phs\app\helpers.php:35) {"exception":"[object] (Symfony\\Component\\ErrorHandler\\Error\\FatalError(code: 0): Cannot redeclare checkGender() (previously declared in C:\\Users\\Anton\\Documents\\applications\\phs\\app\\helpers.php:35) at C:\\Users\\Anton\\Documents\\applications\\phs\\app\\helpers.php:35)
[stacktrace]
#0 {main}
"} 
[2023-03-10 13:19:32] local.ERROR: Cannot redeclare checkGender() (previously declared in C:\Users\Anton\Documents\applications\phs\app\helpers.php:35) {"exception":"[object] (Symfony\\Component\\ErrorHandler\\Error\\FatalError(code: 0): Cannot redeclare checkGender() (previously declared in C:\\Users\\Anton\\Documents\\applications\\phs\\app\\helpers.php:35) at C:\\Users\\Anton\\Documents\\applications\\phs\\app\\helpers.php:35)
[stacktrace]
#0 {main}
"} 
[2023-03-10 13:20:32] local.ERROR: Cannot redeclare checkGender() (previously declared in C:\Users\Anton\Documents\applications\phs\app\helpers.php:35) {"exception":"[object] (Symfony\\Component\\ErrorHandler\\Error\\FatalError(code: 0): Cannot redeclare checkGender() (previously declared in C:\\Users\\Anton\\Documents\\applications\\phs\\app\\helpers.php:35) at C:\\Users\\Anton\\Documents\\applications\\phs\\app\\helpers.php:35)
[stacktrace]
#0 {main}
"} 
[2023-03-10 13:21:32] local.ERROR: Cannot redeclare checkGender() (previously declared in C:\Users\Anton\Documents\applications\phs\app\helpers.php:35) {"exception":"[object] (Symfony\\Component\\ErrorHandler\\Error\\FatalError(code: 0): Cannot redeclare checkGender() (previously declared in C:\\Users\\Anton\\Documents\\applications\\phs\\app\\helpers.php:35) at C:\\Users\\Anton\\Documents\\applications\\phs\\app\\helpers.php:35)
[stacktrace]
#0 {main}
"} 
[2023-03-10 13:22:32] local.ERROR: Cannot redeclare checkGender() (previously declared in C:\Users\Anton\Documents\applications\phs\app\helpers.php:35) {"exception":"[object] (Symfony\\Component\\ErrorHandler\\Error\\FatalError(code: 0): Cannot redeclare checkGender() (previously declared in C:\\Users\\Anton\\Documents\\applications\\phs\\app\\helpers.php:35) at C:\\Users\\Anton\\Documents\\applications\\phs\\app\\helpers.php:35)
[stacktrace]
#0 {main}
"} 
[2023-03-10 13:23:32] local.ERROR: Cannot redeclare checkGender() (previously declared in C:\Users\Anton\Documents\applications\phs\app\helpers.php:35) {"exception":"[object] (Symfony\\Component\\ErrorHandler\\Error\\FatalError(code: 0): Cannot redeclare checkGender() (previously declared in C:\\Users\\Anton\\Documents\\applications\\phs\\app\\helpers.php:35) at C:\\Users\\Anton\\Documents\\applications\\phs\\app\\helpers.php:35)
[stacktrace]
#0 {main}
"} 
[2023-03-10 13:24:32] local.ERROR: Cannot redeclare checkGender() (previously declared in C:\Users\Anton\Documents\applications\phs\app\helpers.php:35) {"exception":"[object] (Symfony\\Component\\ErrorHandler\\Error\\FatalError(code: 0): Cannot redeclare checkGender() (previously declared in C:\\Users\\Anton\\Documents\\applications\\phs\\app\\helpers.php:35) at C:\\Users\\Anton\\Documents\\applications\\phs\\app\\helpers.php:35)
[stacktrace]
#0 {main}
"} 
[2023-03-10 13:25:32] local.ERROR: Cannot redeclare checkGender() (previously declared in C:\Users\Anton\Documents\applications\phs\app\helpers.php:35) {"exception":"[object] (Symfony\\Component\\ErrorHandler\\Error\\FatalError(code: 0): Cannot redeclare checkGender() (previously declared in C:\\Users\\Anton\\Documents\\applications\\phs\\app\\helpers.php:35) at C:\\Users\\Anton\\Documents\\applications\\phs\\app\\helpers.php:35)
[stacktrace]
#0 {main}
"} 
[2023-03-10 13:26:32] local.ERROR: Cannot redeclare checkGender() (previously declared in C:\Users\Anton\Documents\applications\phs\app\helpers.php:35) {"exception":"[object] (Symfony\\Component\\ErrorHandler\\Error\\FatalError(code: 0): Cannot redeclare checkGender() (previously declared in C:\\Users\\Anton\\Documents\\applications\\phs\\app\\helpers.php:35) at C:\\Users\\Anton\\Documents\\applications\\phs\\app\\helpers.php:35)
[stacktrace]
#0 {main}
"} 
[2023-03-10 13:27:32] local.ERROR: Cannot redeclare checkGender() (previously declared in C:\Users\Anton\Documents\applications\phs\app\helpers.php:35) {"exception":"[object] (Symfony\\Component\\ErrorHandler\\Error\\FatalError(code: 0): Cannot redeclare checkGender() (previously declared in C:\\Users\\Anton\\Documents\\applications\\phs\\app\\helpers.php:35) at C:\\Users\\Anton\\Documents\\applications\\phs\\app\\helpers.php:35)
[stacktrace]
#0 {main}
"} 
[2023-03-10 13:28:32] local.ERROR: Cannot redeclare checkGender() (previously declared in C:\Users\Anton\Documents\applications\phs\app\helpers.php:35) {"exception":"[object] (Symfony\\Component\\ErrorHandler\\Error\\FatalError(code: 0): Cannot redeclare checkGender() (previously declared in C:\\Users\\Anton\\Documents\\applications\\phs\\app\\helpers.php:35) at C:\\Users\\Anton\\Documents\\applications\\phs\\app\\helpers.php:35)
[stacktrace]
#0 {main}
"} 
[2023-03-10 13:29:32] local.ERROR: Cannot redeclare checkGender() (previously declared in C:\Users\Anton\Documents\applications\phs\app\helpers.php:35) {"exception":"[object] (Symfony\\Component\\ErrorHandler\\Error\\FatalError(code: 0): Cannot redeclare checkGender() (previously declared in C:\\Users\\Anton\\Documents\\applications\\phs\\app\\helpers.php:35) at C:\\Users\\Anton\\Documents\\applications\\phs\\app\\helpers.php:35)
[stacktrace]
#0 {main}
"} 
[2023-03-10 13:30:32] local.ERROR: Cannot redeclare checkGender() (previously declared in C:\Users\Anton\Documents\applications\phs\app\helpers.php:35) {"exception":"[object] (Symfony\\Component\\ErrorHandler\\Error\\FatalError(code: 0): Cannot redeclare checkGender() (previously declared in C:\\Users\\Anton\\Documents\\applications\\phs\\app\\helpers.php:35) at C:\\Users\\Anton\\Documents\\applications\\phs\\app\\helpers.php:35)
[stacktrace]
#0 {main}
"} 
[2023-03-10 13:31:32] local.ERROR: Cannot redeclare checkGender() (previously declared in C:\Users\Anton\Documents\applications\phs\app\helpers.php:35) {"exception":"[object] (Symfony\\Component\\ErrorHandler\\Error\\FatalError(code: 0): Cannot redeclare checkGender() (previously declared in C:\\Users\\Anton\\Documents\\applications\\phs\\app\\helpers.php:35) at C:\\Users\\Anton\\Documents\\applications\\phs\\app\\helpers.php:35)
[stacktrace]
#0 {main}
"} 
[2023-03-10 13:32:32] local.ERROR: Cannot redeclare checkGender() (previously declared in C:\Users\Anton\Documents\applications\phs\app\helpers.php:35) {"exception":"[object] (Symfony\\Component\\ErrorHandler\\Error\\FatalError(code: 0): Cannot redeclare checkGender() (previously declared in C:\\Users\\Anton\\Documents\\applications\\phs\\app\\helpers.php:35) at C:\\Users\\Anton\\Documents\\applications\\phs\\app\\helpers.php:35)
[stacktrace]
#0 {main}
"} 
[2023-03-10 13:33:32] local.ERROR: Cannot redeclare checkGender() (previously declared in C:\Users\Anton\Documents\applications\phs\app\helpers.php:35) {"exception":"[object] (Symfony\\Component\\ErrorHandler\\Error\\FatalError(code: 0): Cannot redeclare checkGender() (previously declared in C:\\Users\\Anton\\Documents\\applications\\phs\\app\\helpers.php:35) at C:\\Users\\Anton\\Documents\\applications\\phs\\app\\helpers.php:35)
[stacktrace]
#0 {main}
"} 
[2023-03-10 13:34:32] local.ERROR: Cannot redeclare checkGender() (previously declared in C:\Users\Anton\Documents\applications\phs\app\helpers.php:35) {"exception":"[object] (Symfony\\Component\\ErrorHandler\\Error\\FatalError(code: 0): Cannot redeclare checkGender() (previously declared in C:\\Users\\Anton\\Documents\\applications\\phs\\app\\helpers.php:35) at C:\\Users\\Anton\\Documents\\applications\\phs\\app\\helpers.php:35)
[stacktrace]
#0 {main}
"} 
[2023-03-10 13:35:32] local.ERROR: Cannot redeclare checkGender() (previously declared in C:\Users\Anton\Documents\applications\phs\app\helpers.php:35) {"exception":"[object] (Symfony\\Component\\ErrorHandler\\Error\\FatalError(code: 0): Cannot redeclare checkGender() (previously declared in C:\\Users\\Anton\\Documents\\applications\\phs\\app\\helpers.php:35) at C:\\Users\\Anton\\Documents\\applications\\phs\\app\\helpers.php:35)
[stacktrace]
#0 {main}
"} 
[2023-03-10 13:36:32] local.ERROR: Cannot redeclare checkGender() (previously declared in C:\Users\Anton\Documents\applications\phs\app\helpers.php:35) {"exception":"[object] (Symfony\\Component\\ErrorHandler\\Error\\FatalError(code: 0): Cannot redeclare checkGender() (previously declared in C:\\Users\\Anton\\Documents\\applications\\phs\\app\\helpers.php:35) at C:\\Users\\Anton\\Documents\\applications\\phs\\app\\helpers.php:35)
[stacktrace]
#0 {main}
"} 
[2023-03-10 13:37:32] local.ERROR: Cannot redeclare checkGender() (previously declared in C:\Users\Anton\Documents\applications\phs\app\helpers.php:35) {"exception":"[object] (Symfony\\Component\\ErrorHandler\\Error\\FatalError(code: 0): Cannot redeclare checkGender() (previously declared in C:\\Users\\Anton\\Documents\\applications\\phs\\app\\helpers.php:35) at C:\\Users\\Anton\\Documents\\applications\\phs\\app\\helpers.php:35)
[stacktrace]
#0 {main}
"} 
[2023-03-10 13:38:32] local.ERROR: Cannot redeclare checkGender() (previously declared in C:\Users\Anton\Documents\applications\phs\app\helpers.php:35) {"exception":"[object] (Symfony\\Component\\ErrorHandler\\Error\\FatalError(code: 0): Cannot redeclare checkGender() (previously declared in C:\\Users\\Anton\\Documents\\applications\\phs\\app\\helpers.php:35) at C:\\Users\\Anton\\Documents\\applications\\phs\\app\\helpers.php:35)
[stacktrace]
#0 {main}
"} 
[2023-03-10 13:39:32] local.ERROR: Cannot redeclare checkGender() (previously declared in C:\Users\Anton\Documents\applications\phs\app\helpers.php:35) {"exception":"[object] (Symfony\\Component\\ErrorHandler\\Error\\FatalError(code: 0): Cannot redeclare checkGender() (previously declared in C:\\Users\\Anton\\Documents\\applications\\phs\\app\\helpers.php:35) at C:\\Users\\Anton\\Documents\\applications\\phs\\app\\helpers.php:35)
[stacktrace]
#0 {main}
"} 
[2023-03-10 14:45:52] local.ERROR: Cannot redeclare checkGender() (previously declared in C:\Users\Anton\Documents\applications\phs\app\helpers.php:35) {"exception":"[object] (Symfony\\Component\\ErrorHandler\\Error\\FatalError(code: 0): Cannot redeclare checkGender() (previously declared in C:\\Users\\Anton\\Documents\\applications\\phs\\app\\helpers.php:35) at C:\\Users\\Anton\\Documents\\applications\\phs\\app\\helpers.php:35)
[stacktrace]
#0 {main}
"} 
[2023-03-10 14:46:50] local.ERROR: Cannot redeclare checkGender() (previously declared in C:\Users\Anton\Documents\applications\phs\app\helpers.php:35) {"exception":"[object] (Symfony\\Component\\ErrorHandler\\Error\\FatalError(code: 0): Cannot redeclare checkGender() (previously declared in C:\\Users\\Anton\\Documents\\applications\\phs\\app\\helpers.php:35) at C:\\Users\\Anton\\Documents\\applications\\phs\\app\\helpers.php:35)
[stacktrace]
#0 {main}
"} 
[2023-03-10 14:47:50] local.ERROR: Cannot redeclare checkGender() (previously declared in C:\Users\Anton\Documents\applications\phs\app\helpers.php:35) {"exception":"[object] (Symfony\\Component\\ErrorHandler\\Error\\FatalError(code: 0): Cannot redeclare checkGender() (previously declared in C:\\Users\\Anton\\Documents\\applications\\phs\\app\\helpers.php:35) at C:\\Users\\Anton\\Documents\\applications\\phs\\app\\helpers.php:35)
[stacktrace]
#0 {main}
"} 
[2023-03-10 14:48:50] local.ERROR: Cannot redeclare checkGender() (previously declared in C:\Users\Anton\Documents\applications\phs\app\helpers.php:35) {"exception":"[object] (Symfony\\Component\\ErrorHandler\\Error\\FatalError(code: 0): Cannot redeclare checkGender() (previously declared in C:\\Users\\Anton\\Documents\\applications\\phs\\app\\helpers.php:35) at C:\\Users\\Anton\\Documents\\applications\\phs\\app\\helpers.php:35)
[stacktrace]
#0 {main}
"} 
[2023-03-10 14:49:50] local.ERROR: Cannot redeclare checkGender() (previously declared in C:\Users\Anton\Documents\applications\phs\app\helpers.php:35) {"exception":"[object] (Symfony\\Component\\ErrorHandler\\Error\\FatalError(code: 0): Cannot redeclare checkGender() (previously declared in C:\\Users\\Anton\\Documents\\applications\\phs\\app\\helpers.php:35) at C:\\Users\\Anton\\Documents\\applications\\phs\\app\\helpers.php:35)
[stacktrace]
#0 {main}
"} 
[2023-03-10 14:50:50] local.ERROR: Cannot redeclare checkGender() (previously declared in C:\Users\Anton\Documents\applications\phs\app\helpers.php:35) {"exception":"[object] (Symfony\\Component\\ErrorHandler\\Error\\FatalError(code: 0): Cannot redeclare checkGender() (previously declared in C:\\Users\\Anton\\Documents\\applications\\phs\\app\\helpers.php:35) at C:\\Users\\Anton\\Documents\\applications\\phs\\app\\helpers.php:35)
[stacktrace]
#0 {main}
"} 
[2023-03-10 14:51:50] local.ERROR: Cannot redeclare checkGender() (previously declared in C:\Users\Anton\Documents\applications\phs\app\helpers.php:35) {"exception":"[object] (Symfony\\Component\\ErrorHandler\\Error\\FatalError(code: 0): Cannot redeclare checkGender() (previously declared in C:\\Users\\Anton\\Documents\\applications\\phs\\app\\helpers.php:35) at C:\\Users\\Anton\\Documents\\applications\\phs\\app\\helpers.php:35)
[stacktrace]
#0 {main}
"} 
[2023-03-10 14:52:50] local.ERROR: Cannot redeclare checkGender() (previously declared in C:\Users\Anton\Documents\applications\phs\app\helpers.php:35) {"exception":"[object] (Symfony\\Component\\ErrorHandler\\Error\\FatalError(code: 0): Cannot redeclare checkGender() (previously declared in C:\\Users\\Anton\\Documents\\applications\\phs\\app\\helpers.php:35) at C:\\Users\\Anton\\Documents\\applications\\phs\\app\\helpers.php:35)
[stacktrace]
#0 {main}
"} 
[2023-03-10 14:53:50] local.ERROR: Cannot redeclare checkGender() (previously declared in C:\Users\Anton\Documents\applications\phs\app\helpers.php:35) {"exception":"[object] (Symfony\\Component\\ErrorHandler\\Error\\FatalError(code: 0): Cannot redeclare checkGender() (previously declared in C:\\Users\\Anton\\Documents\\applications\\phs\\app\\helpers.php:35) at C:\\Users\\Anton\\Documents\\applications\\phs\\app\\helpers.php:35)
[stacktrace]
#0 {main}
"} 
[2023-03-10 14:54:50] local.ERROR: Cannot redeclare checkGender() (previously declared in C:\Users\Anton\Documents\applications\phs\app\helpers.php:35) {"exception":"[object] (Symfony\\Component\\ErrorHandler\\Error\\FatalError(code: 0): Cannot redeclare checkGender() (previously declared in C:\\Users\\Anton\\Documents\\applications\\phs\\app\\helpers.php:35) at C:\\Users\\Anton\\Documents\\applications\\phs\\app\\helpers.php:35)
[stacktrace]
#0 {main}
"} 
[2023-03-10 14:55:50] local.ERROR: Cannot redeclare checkGender() (previously declared in C:\Users\Anton\Documents\applications\phs\app\helpers.php:35) {"exception":"[object] (Symfony\\Component\\ErrorHandler\\Error\\FatalError(code: 0): Cannot redeclare checkGender() (previously declared in C:\\Users\\Anton\\Documents\\applications\\phs\\app\\helpers.php:35) at C:\\Users\\Anton\\Documents\\applications\\phs\\app\\helpers.php:35)
[stacktrace]
#0 {main}
"} 
[2023-03-10 14:56:50] local.ERROR: Cannot redeclare checkGender() (previously declared in C:\Users\Anton\Documents\applications\phs\app\helpers.php:35) {"exception":"[object] (Symfony\\Component\\ErrorHandler\\Error\\FatalError(code: 0): Cannot redeclare checkGender() (previously declared in C:\\Users\\Anton\\Documents\\applications\\phs\\app\\helpers.php:35) at C:\\Users\\Anton\\Documents\\applications\\phs\\app\\helpers.php:35)
[stacktrace]
#0 {main}
"} 
[2023-03-10 14:57:50] local.ERROR: Cannot redeclare checkGender() (previously declared in C:\Users\Anton\Documents\applications\phs\app\helpers.php:35) {"exception":"[object] (Symfony\\Component\\ErrorHandler\\Error\\FatalError(code: 0): Cannot redeclare checkGender() (previously declared in C:\\Users\\Anton\\Documents\\applications\\phs\\app\\helpers.php:35) at C:\\Users\\Anton\\Documents\\applications\\phs\\app\\helpers.php:35)
[stacktrace]
#0 {main}
"} 
[2023-03-10 14:58:50] local.ERROR: Cannot redeclare checkGender() (previously declared in C:\Users\Anton\Documents\applications\phs\app\helpers.php:35) {"exception":"[object] (Symfony\\Component\\ErrorHandler\\Error\\FatalError(code: 0): Cannot redeclare checkGender() (previously declared in C:\\Users\\Anton\\Documents\\applications\\phs\\app\\helpers.php:35) at C:\\Users\\Anton\\Documents\\applications\\phs\\app\\helpers.php:35)
[stacktrace]
#0 {main}
"} 
[2023-03-10 14:59:50] local.ERROR: Cannot redeclare checkGender() (previously declared in C:\Users\Anton\Documents\applications\phs\app\helpers.php:35) {"exception":"[object] (Symfony\\Component\\ErrorHandler\\Error\\FatalError(code: 0): Cannot redeclare checkGender() (previously declared in C:\\Users\\Anton\\Documents\\applications\\phs\\app\\helpers.php:35) at C:\\Users\\Anton\\Documents\\applications\\phs\\app\\helpers.php:35)
[stacktrace]
#0 {main}
"} 
[2023-03-10 15:00:50] local.ERROR: Cannot redeclare checkGender() (previously declared in C:\Users\Anton\Documents\applications\phs\app\helpers.php:35) {"exception":"[object] (Symfony\\Component\\ErrorHandler\\Error\\FatalError(code: 0): Cannot redeclare checkGender() (previously declared in C:\\Users\\Anton\\Documents\\applications\\phs\\app\\helpers.php:35) at C:\\Users\\Anton\\Documents\\applications\\phs\\app\\helpers.php:35)
[stacktrace]
#0 {main}
"} 
[2023-03-10 15:01:50] local.ERROR: Cannot redeclare checkGender() (previously declared in C:\Users\Anton\Documents\applications\phs\app\helpers.php:35) {"exception":"[object] (Symfony\\Component\\ErrorHandler\\Error\\FatalError(code: 0): Cannot redeclare checkGender() (previously declared in C:\\Users\\Anton\\Documents\\applications\\phs\\app\\helpers.php:35) at C:\\Users\\Anton\\Documents\\applications\\phs\\app\\helpers.php:35)
[stacktrace]
#0 {main}
"} 
[2023-03-10 15:02:50] local.ERROR: Cannot redeclare checkGender() (previously declared in C:\Users\Anton\Documents\applications\phs\app\helpers.php:35) {"exception":"[object] (Symfony\\Component\\ErrorHandler\\Error\\FatalError(code: 0): Cannot redeclare checkGender() (previously declared in C:\\Users\\Anton\\Documents\\applications\\phs\\app\\helpers.php:35) at C:\\Users\\Anton\\Documents\\applications\\phs\\app\\helpers.php:35)
[stacktrace]
#0 {main}
"} 
